<?xml version="1.0" encoding="UTF-8"?>
<!-- Generated by org.testng.reporters.JUnitXMLReporter -->
<testsuite hostname="THALA-PC" ignored="0" name="MyntraTest" tests="8" failures="0" timestamp="2021-06-17T23:58:49 IST" time="326.993" errors="0">
  <testcase name="verifyHomePageTitleTest" time="0.248" classname="com.myntra.qa.testcases.HomePageTest"/>
  <testcase name="searchItemUsingSearchBoxTest" time="35.318" classname="com.myntra.qa.testcases.HomePageTest"/>
  <testcase name="fliterItemsTest" time="41.569" classname="com.myntra.qa.testcases.HomePageTest"/>
  <testcase name="addItemsToWatchlistTest" time="35.983" classname="com.myntra.qa.testcases.HomePageTest"/>
  <testcase name="removeItemFromWatchlistTest" time="21.844" classname="com.myntra.qa.testcases.HomePageTest"/>
  <testcase name="getListItemsUnderMensEvenCol" time="20.9" classname="com.myntra.qa.testcases.HomePageTest"/>
  <testcase name="verifyLoginPageTitleTest" time="0.288" classname="com.myntra.qa.testcases.LoginPageTest"/>
  <testcase name="loginUserTest" time="4.261" classname="com.myntra.qa.testcases.LoginPageTest"/>
</testsuite> <!-- MyntraTest -->
