<?xml version="1.0" encoding="UTF-8"?>
<!-- Generated by org.testng.reporters.JUnitXMLReporter -->
<testsuite hostname="THALA-PC" ignored="5" name="Default test" tests="1" failures="0" timestamp="2021-06-17T23:29:40 IST" time="44.629" errors="0">
  <testcase name="removeItemFromWatchlistTest" time="18.045" classname="com.myntra.qa.testcases.HomePageTest"/>
  <testcase name="fliterItemsTest" time="0.0" classname="com.myntra.qa.testcases.HomePageTest">
    <ignored/>
  </testcase> <!-- fliterItemsTest -->
  <testcase name="addItemsToWatchlistTest" time="0.0" classname="com.myntra.qa.testcases.HomePageTest">
    <ignored/>
  </testcase> <!-- addItemsToWatchlistTest -->
  <testcase name="verifyHomePageTitleTest" time="0.0" classname="com.myntra.qa.testcases.HomePageTest">
    <ignored/>
  </testcase> <!-- verifyHomePageTitleTest -->
  <testcase name="getListItemsUnderMensEvenCol" time="0.0" classname="com.myntra.qa.testcases.HomePageTest">
    <ignored/>
  </testcase> <!-- getListItemsUnderMensEvenCol -->
  <testcase name="searchItemUsingSearchBoxTest" time="0.0" classname="com.myntra.qa.testcases.HomePageTest">
    <ignored/>
  </testcase> <!-- searchItemUsingSearchBoxTest -->
</testsuite> <!-- Default test -->
