<?xml version="1.0" encoding="UTF-8"?>
<!-- Generated by org.testng.reporters.JUnitXMLReporter -->
<testsuite hostname="THALA-PC" ignored="6" name="Default test" tests="1" failures="0" timestamp="2021-06-21T16:24:43 IST" time="80.78" errors="0">
  <testcase name="getListItemsUnderMensEvenCol" time="30.722" classname="com.myntra.qa.testcases.HomePageTest"/>
  <testcase name="fliterItemsTest" time="0.0" classname="com.myntra.qa.testcases.HomePageTest">
    <ignored/>
  </testcase> <!-- fliterItemsTest -->
  <testcase name="addItemsToWatchlistTest" time="0.0" classname="com.myntra.qa.testcases.HomePageTest">
    <ignored/>
  </testcase> <!-- addItemsToWatchlistTest -->
  <testcase name="verifyHomePageTitleTest" time="0.0" classname="com.myntra.qa.testcases.HomePageTest">
    <ignored/>
  </testcase> <!-- verifyHomePageTitleTest -->
  <testcase name="verifyLoggedInUserMobileNumber" time="0.0" classname="com.myntra.qa.testcases.HomePageTest">
    <ignored/>
  </testcase> <!-- verifyLoggedInUserMobileNumber -->
  <testcase name="removeItemFromWatchlistTest" time="0.0" classname="com.myntra.qa.testcases.HomePageTest">
    <ignored/>
  </testcase> <!-- removeItemFromWatchlistTest -->
  <testcase name="searchItemUsingSearchBoxTest" time="0.0" classname="com.myntra.qa.testcases.HomePageTest">
    <ignored/>
  </testcase> <!-- searchItemUsingSearchBoxTest -->
</testsuite> <!-- Default test -->
